Every Two Weeks
---------------
2022-12-20
2023-01-03
2023-01-17
2023-01-31
2023-02-14
2023-02-28
2023-03-14
2023-03-28
2023-04-11
2023-04-25
2023-05-09
2023-05-23
2023-06-06
2023-06-20
2023-07-04
2023-07-18
2023-08-01
2023-08-15
2023-08-29
2023-09-12
2023-09-26
2023-10-10
2023-10-24
2023-11-07
2023-11-21
2023-12-05
2023-12-19

(27 rows affected)

Every Four Weeks
----------------
2023-01-03
2023-01-31
2023-02-28
2023-03-28
2023-04-25
2023-05-23
2023-06-20
2023-07-18
2023-08-15
2023-09-12
2023-10-10
2023-11-07
2023-12-05

(13 rows affected)


Completion time: 2022-12-13T08:34:10.5247374-06:00
