StockCode
------------------------------
124005
124105
124205
124305
124405
124505
124605
1258118-A
1258118-B
1259118
1260118-A
1260118-B
1261118-A
1261118-B
1262119-A
1262119-B
1263119-A
1263119-B
1264118-A
1264118-B
1265118-A
1265118-B
1266118-A
1266118-B
1267118-A
1267118-B
1268118
1269118-A
1269118-B
1270118-A
1270118-B
1271121-A
1271121-B
1272121-A
1272121-B
1273121-A
1273121-B
1274118
1275118
1276118-A
1276118-B
1277118-A
1277118-B
127831
12784
127931
12794
1280133
1280134
1280135
1280136
1281133
1281134
1281135
1281136
1282133
1282134
1282135
1282136
1283133
1283134
1283135
1283136
129680
129731
129760
129794
129831
129860
129894
129931
129960
129994
130031
130124
130190
130224
130290
130327
13034
130427
13044
1305102
130584
1306102
130684
13074
13084
13094
1311128
131231
131331
132324
132331
132360
132394
132397
132424
132431
132460
132494
132497
132524
132531
132560
132594
132597
132624
132631
132660
132694
132697
132724
132731
132760
132794
132797
132824
132831
132860
132894
132897
132924
132931
132960
132994
132997
133024
133031
133060
133094
133097
133124
133131
133160
133194
133197
133224
133231
133260
133294
133297
134005
134105
134305
134405
169317
1749101
1749130
1750101
1750130
1751101
1751130
1752101
1752130
1753101
1753130
1756101
1756130
1757101
1757130
1758101
1758130
1759101
1759130
1760101
1760130
18005
18012
180128
18015
18022
180228
18025
18032
180328
18035
18042
180428
18045
18055
18062
180628
18065
18072
180728
18075
18079
18105
181128
18115
18125
181528
18192
181928
18195
18232
182328
18235
18252
182528
18255
18262
182628
18265
18272
182728
18275
18282
182828
18285
18292
182928
18295
18302
183028
18305
18312
183128
18315
18322
183228
2400106
24004
240127
240134
2402106
24024
240327
240334
2404106
24044
240527
240534
254027
25404
254127
25414
26262
262624
26272
262724
2688133
2688134
2688135
2688136
269031
26904
269231
26924
2693118
269431
269494
269531
26954
27304
273047
27314
273147
27324
273247
27334
273347
27344
273447
27374
273747
27404
274047
274727
27474
278831
27884
278927
27894
279027
27904
279127
27914
279227
27924
279327
27934
279427
27944
279527
27954
279627
27964
279727
27974
280027
28004
280127
28014
280627
28064
280727
28074
282227
28224
282327
28234
283027
28304
283127
28314
283427
28344
283527
28354
283627
28364
283727
28374
283827
28384
283927
28394
284027
28404
284127
28414
284215
284227
28424
284327
28434
284427
28444
284527
28454
284727
28474
284827
28484
284927
28494
285227
28524
285427
28544
285527
28554
285827
28584
285927
28594
286027-A
286027-B
28604-A
28604-B
286127
28614
286327
28634
286427-A
286427-B
28644-A
28644-B
286527
28654
286994
286997
289027
28904
289127
28914
289227
28924
289327
28934
289527
28954
289627
28964
290082
290182
290294
290297
2903128
290731
290831
290931
2910128
2911128
2912128
2913128
291417
29142
291494
291524
291531
291560
291594
291597
291624
291660
293534
29354
293734
29374
294127
29414
294227
29424
294327
29434
294527
29454
294627
29464
294727
29474
294827
29484
294927
29494
295027
29504
296027
29604
296227
29624
310715
313080
313180
313280
313380
313982
314082
314182
314282
314382
314482
31500
3150123
3150124
315045
31510
3151123
3151124
315145
31520
315245
315328
31535
31540
315445
315528
31555
317624
31882
318824
318831
31992
319924
321582
321682
321782
32190
321966
32230
322366
32320
323266
32330
323366
32340
323466
32350
323566
32360
323666
32380
323866
32390
323966
32430
324366
326917
32692
326924
326931
326994
326997
327617
327624
327631
327694
327697
3281118
3284118
3285118
3286118
3287118
329017
32902
329024
329031
329060
329094
329097
329524
329531
329560
329594
329597
329617
32962
329624
329631
329660
329694
329697
329817
32982
329824
329831
329860
329894
329897
3308108
3308109
3309108
3309109
3313102
3313103
3314102
3314103
332017
332024
332094
332311
332317
332324
332331
332360
332394
332397
332517
332524
332531
332594
332717
332724
332731
332760
332794
332797
332817
332824
332831
332894
332917
332924
332931
332994
333017
333024
333031
333060
333094
333117
333124
333131
333160
333194
333211
333217
333224
333231
333260
333294
333297
333317
333324
333331
333394
333417
333420
333424
333517
333524
333531
333594
333611
333617
333624
333631
333660
333694
333697
333717
333724
333731
333794
334017
334024
334031
334094
334117
334124
334131
334194
334197
334211
334217
334224
334231
334260
334294
334297
3343108
3343109
3343112
3343116
3343117
3344108
3344109
3344112
3344116
3344117
3345108
3345109
3345112
3345116
3345117
3346108
3346109
3346112
3346116
3346117
3347108
3347109
3347112
3347116
3347117
334817
334824
334831
334894
336331
336431
336531
336731
337660
339231
339282
339331
339382
339431
339482
339531
339582
339631
339682
339931
33994
340031
340060
340094
340131
340160
340194
340231
340260
340294
340331
340360
340394
340431
340460
340494
340531
340560
340594
340631
340660
340694
34100
341083
34110
341183
34120
341283
34130
341383
34140
341483
341831
341894
341931
341994
342031
342094
342131
342194
342231
342294
342331
342394
342431
342494
342531
342594
342631
342694
342724
342731
342760
342794
342797
342824
342831
342860
342894
342897
342924
342931
342960
342994
342997
343024
343031
343060
343094
343097
349031
349131
349231
349331
349431
349531
3508102
350884
3509102
350984
3510102
351084
3511102
351184
354024
354324
354724
355124
355190
355224
355290
355324
355390
355424
355490
355524
355590
355624
355690
355724
355790
355824
355890
355924
355990
3560112
3560113
3560114
35602
3561112
3561113
3561114
35612
35632
35802
358024
358031
35812
358124
358131
35832
358324
358331
35842
358424
358431
35862
358624
35992
359924
359931
36002
360024
360031
36202
362024
36212
362124
36222
362224
36232
362324
36272
362724
366531
366631
366731
366831
367017
367024
367060
367117
367124
367160
367217
367224
367260
367917
367924
367960
368217
368224
368260
368317
368324
368360
373527
37354
37364
373647
37370
37432
374324
374331
37442
374424
374431
37452
374524
374531
37462
374624
374631
37472
374724
374731
37482
374824
374831
37492
374924
374931
37612
376124
376131
37622
376224
376231
37632
376324
376331
37682
376824
376831
37692
376924
376931
37952
379528
37955
382031
382131
382231
382331
38282
382824
382894
382897
38292
382924
382994
382997
38702
387024
38712
387124
38722
387224
38732
387324
38742
387424
392224
392232
392324
392332
392724
392732
39702
397024
39712
397124
39772
397724
39862
398624
39882
398824
40002
40012
400617
40062
40072
401060
401260
401356
40142
404131
404231
404331
404431
404531
404631
404731
404831
40502
405031
405094
40512
405131
405194
40522
405231
405294
40532
405331
405394
40542
405431
405494
40552
405531
405594
40562
405631
405694
40572
405731
405794
40582
405831
405894
40602
406031
406094
40612
406131
406194
40622
406231
406294
40632
406331
406394
40642
406431
406494
40652
406531
406594
40662
406631
406694
40672
406731
406794
40682
406831
406894
40692
406931
406994
40892
408931
408994
41002
4101104
4101105
4102104
4102105
4103104
4103105
41082
41092
418924
418931
418960
418994
418997
419094
419097
419194
419197
419224
419231
419260
419294
419297
419324
419331
419360
419394
419397
420517
420537
421217
421237
423017
423037
423117
423137
423217
423237
423317
423337
423417
423437
423631
423731
423831
423931
424031
424131
424231
424431
425094
425097
425194
425197
425294
425297
425394
425397
425494
425497
425594
425597
425694
425697
425794
425797
425831
425894
425897
425931
425994
425997
42602
426031
426094
42612
426131
426194
42622
426231
426294
42752
427531
427594
42762
427631
427694
42822
428231
428294
428731
428760
428794
428797
430024
430031
430060
430094
430097
430124
430131
430160
430194
430197
431024
431134
431528
431671
431672
431771
431772
432171
432172
432419
435024
435060
435094
435124
435160
435194
435324
435360
435394
435424
435460
435494
435524
435560
435594
436531
436631
436728
436770
436831
437528
437570
437628-A
437670-A
437670-B
437731
4380102
438084
4381102
438184
4382102
438284
4387102
438784
4388102
438884
4389102
438984
441028
44105
441131
441228
44125
441328
44135
441428
44145
444428
444458
450031
450094
450531
450731
450831
450931
457531
457594
457597
457631
457694
457697
457731
457794
457797
471417
47142
471424
471431
471460
471494
471497
471515
471517
47152
471524
471531
471560
471594
471597
481094
481294
5340111
5340122
5341111
5341122
5342111
5343111
5344111
5345111
5346111
5347111
5348111
641028
64105
641128
641231
671317
687128
68715
687228
68725
687328
71515
71525
71825
72650
75620
756224
756260
756294
75640
756424
756460
756494
92102
92250
92255
92260
92270
ABBO/OATME
ABLUEN#NAV
ABOVE/BLUS
ABRUPT/PLA
ACROSS/LIN
AD-75100-00
AD-75101-00
AD-75102-00
AD-75103-00
AD-75104-00
ADENA/PEBB
AFGHAN/MOO
AG-P1604-3GW
AG-P1666-7
AG-P1670-85
AG-P1681
AG-P1683-25
AG-P1733-25
AG-P1778-3
AG-P2845-20
AG-P2845-26
AGARIC#STO
AGE/BARK
AGENCY/QUA
AIRMAN/BLU
AIRMAN/CHO
AIRMAN/GRE
AIRMAN/SKY
ALGAE#WHEA
ALICE/PEWT
ALLANT/TAU
ALLOW/STON
ALWAY/GRAY
AMOS#STEEL
AMUSE/WHIT
ANCIA/DOVE
ANCIA/META
ANCIA/SHEL
ANOLIS/GRA
ANOLIS/TWE
AREZZO/BLU
AVAST/TAUP
AVELIN#BLU
AZUKI/CREA
BALMY/LINE
BASIC/BLUE
BDOS-171166
BDOS-171167
BDOS-171169
BDOS-171170
BDOS-171174
BDOS-171175
BDOS-171181
BDOS-171182
BDOS-171184
BDOS-171185
BDOS-171186
BDOS-171187
BDOS-171188
BDOS-171191
BDOS-171192
BDOS-171193
BDOS-171216
BDOS-171217
BDOS-171218
BDOS-171219
BDOS-171220
BDOS-171222
BDOS-171223
BDOS-171224
BDOS-171225
BDOS-171226
BDOS-171227
BDOS-171228
BDOS-171234
BDOS-171235
BDOS-171237
BDOS-171238
BDOS-171239
BDOS-171240
BDOS-171241
BDOS-171242
BDOS-171243
BDOS-171247
BDOS-171249
BDOS-171250
BDOS-171252
BDOS-171253
BDOS-171254
BDOS-171255
BDOS-171257
BDOS-171259
BDOS-171260
BDOS-171261
BDOS-171264
BDOS-171265
BDOS-171267
BDOS-171269
BDOS-171274
BDOS-171277
BDOS-171278
BDOS-171279
BDOS-171280
BDOS-171282
BDOS-171283
BDOS-171286
BDOS-171287
BDOS-171289
BDOS-171291
BDOS-171293
BDOS-171294
BDOS-171315
BDOS-171316
BDOS-171317
BDOS-171319
BDOS-171320
BDOS-171322
BDOS-171324
BDOS-171326
BDOS-171327
BDOS-171328
BDOS-171329
BDOS-171330
BDOS-171331
BDOS-171332
BDOS-171333
BDOS-171334
BDOS-171335
BDOS-171336
BDOS-171337
BDOS-171338
BDOS-171340
BDOS-171342
BDOS-171343
BDOS-171344
BDOS-171345
BDOS-171347
BDOS-171352
BDOS-171353
BDOS-171354
BDOS-171355
BDOS-171356
BDOS-171358
BDOS-171359
BDOS-171360
BDOS-171363
BDOS-171364
BDOS-171368
BDOS-171369
BDOS-171371
BDOS-171372
BDOS-171375
BDOS-171376
BDOS-171377
BDOS-171378
BDOS-171379
BDOS-171381
BDOS-171382
BDOS-171384
BDOS-171385
BDOS-171395
BDOS-171396
BDOS-202923
BDOS-202924
BDOS-202925
BDOS-202926
BDOS-202927
BDOS-202928
BDOS-202929
BDOS-202930
BDOS-202931
BDOS-202932
BDOS-202933
BDOS-202934
BDOS-202935
BDOS-202936
BDOS-202937
BDOS-202938
BDOS-202939
BDOS-202940
BDOS-202941
BDOS-202942
BDOS-202943
BDOS-202944
BDOS-202945
BDOS-202946
BDOS-202947
BDOS-202948
BDOS-202949
BDOS-202950
BDOS-202951
BDOS-202952
BDOS-202953
BDOS-202954
BDOS-202955
BDOS-202956
BDOS-202957
BDOS-202958
BDOS-202959
BDOS-202960
BDOS-202961
BDOS-202962
BDOS-202963
BDOS-202964
BDOS-202965
BDOS-202966
BDOS-202967
BDOS-202968
BDOS-202969
BDOS-202970
BDOS-202971
BDOS-202972
BDOS-202973
BDOS-202974
BDOS-202975
BDOS-202976
BDOS-202977
BDOS-202978
BDOS-202979
BDOS-202980
BDOS-202981
BDOS-202982
BDOS-202983
BDOS-202984
BDOS-202985
BDOS-202986
BDOS-202987
BDOS-202988
BDOS-202989
BDOS-202990
BDOS-202991
BDOS-202999
BDOS-203000
BDOS-203001
BDOS-203002
BDOS-203003
BDOS-203004
BDOS-203005
BDOS-203006
BDOS-203007
BDOS-203008
BDOS-203009
BDOS-203010
BDOS-203011
BDOS-203012
BDOS-203013
BDOS-203014
BDOS-203015
BDOS-203016
BDOS-203017
BDOS-203018
BDOS-203019
BDOS-203020
BDOS-203021
BDOS-203022
BDOS-203023
BDOS-203024
BDOS-203025
BDOS-203026
BDOS-203027
BDOS-203028
BDOS-203029
BDOS-203030
BDOS-203031
BDOS-203032
BDOS-203033
BDOS-203034
BDOS-203035
BDOS-203036
BDOS-203037
BDOS-203038
BDOS-203039
BDOS-203040
BDOS-203041
BDOS-203042
BDOS-203043
BDOS-203044
BDOS-203045
BDOS-203046
BDOS-203047
BDOS-203048
BDOS-203049
BDOS-203050
BDOS-203051
BDOS-203052
BDOS-203053
BDOS-203054
BDOS-203055
BEDDED/CHA
BEGAN/BLUE
BINDS/HAZE
CANAAN/NAT
CANVAS
CARL/BLUE
CASINO/BLU
CCC-G-8OZMBLK-WTT
CELLAR/OYS
CICERO#BLU
CICERO#GRA
CICERO#MAR
CICERO#SAP
CLOAK/BLAC
CLOAK/CAFE
CLOAK/CANV
CLOAK/DAUP
CLOAK/GRAP
CLOAK/GRAY
CLOAK/SCAR
CLOAK/TEAK
COLT/ESPRE
COLT/FLAX
COM-0300225849
COM-0300233361
COM-0300243642
COM-0300243650
COM-0300254644
COM-0762463473
COM-0847826694
COM-0847836797
COM-0847849678
COM-1419705563
COM-1419733338
CONRAD/IVO
COP-DA9405
COP-DF3060A
COP-DF3548
COP-DF4424
EARL/TAUPE
ECARTE/IND
EM-0519BS
EM-1057WT
EM-1197WT
EM-12041GR
EM-1204ITL
EM-12051WT
EM-12130WT
EM-12440WT
EM-12668BL
EM-12780WT
EM-12781GR
EMBER/YELL
EMILY/OYST
FAIL/BARK
FALLS/BLUE
FEELIN/NAV
FENCES/IVO
FLORES/NAT
FOLD/NATUR
FPL-BBALL2421
FPL-BBALL2422
FPL-BBALL2423
FPL-BBALL2424
FPL-BBALL2425
FPL-BBALL2426
FPL-BBALL2427
FPL-BBALL2464
FPL-BBALL2492
FPL-BBALL2511
FPL-BBALL2512
FPL-BBALL2513
FRAPPE/GRA
FUS-172106
FUS-172107
FUS-172117
FUS-172118
FUS-172121
FUS-172123
FUS-172125
FUS-172126
FUS-172128
FUS-172129
FUS-172136
FUS-172137
FUS-172138
FUS-172139
FUS-172140
FUS-172141
FUS-172143
FUS-172145
FUS-172147
FUS-172148
FUS-172150
FUS-172151
FUS-172154
FUS-172157
FUS-172162
FUS-172164
FUS-172182
FUS-172184
FUS-172190
FUS-172193
FUS-172198
FUS-172209
FUS-172220
FUS-172221
FUS-172225
FUS-172226
FUS-172230
FUS-172237
FUS-172240
FUS-172242
FUS-172243
FUS-172245
FUS-172253
FUS-172258
FUS-172259
FUS-172260
FUS-182561
FUS-182562
FUS-182563
FUS-182566
FUS-182570
FUS-182588
FUS-182589
FUS-182594
FUS-182595
GT-211114
GT-211131
GT-211172
GT-211176
GT-211180
GT-211183
GT-211186
GT-212204
GT-213125
GT-213127
GT-213128
GT-213135
GT-213137
GT-213139
GT-213140
GT-213141
GT-213144
GT-213146
GT-213147
GT-213148
GT-213151
GT-213154
GT-213155
GT-213157
GT-213305
GT-213744
GT-213750
GT-213752
GT-213753
GT-213754
GT-213758
GT-213760
GT-213761
GT-213763
GT-213764
GT-213765
GT-213766
GT-213767
GT-213769
GT-213771
GT-213779
GT-213781
GT-213782
GT-213783
GT-213784
GT-213786
GT-213787
GT-213788
GT-213790
GT-213791
GT-213793
GT-213819
GT-213820
GT-213821
GT-213822
GT-213823
GT-213825
GT-213826
GT-213828
GT-213830
GT-213831
GT-213832
GT-213833
GT-213834
GT-213838
GT-213840
GT-213841
GT-213842
GT-213843
GT-213844
GT-213845
GT-213846
GT-213847
GT-213848
GT-213849
GT-213850
GT-213851
GT-213854
GT-213855
GT-213858
GT-213859
GT-213860
GT-213861
GT-213862
GT-213863
GT-213864
GT-213866
GT-213867
GT-213868
GT-213869
GT-213870
GT-213871
GT-213873
GT-213874
GT-213875
GT-213876
GT-213877
GT-213878
GT-213879
GT-213880
GT-213881
GT-213882
GT-213883
GT-213887
GT-213888
GT-213889
GT-213890
GT-213891
GT-213892
GT-214121
GT-214122
GT-214123
GT-214124
GT-214125
GT-214126
GT-214127
GT-214128
GT-214129
GT-214130
GT-214131
GT-214132
GT-214133
GT-214134
GT-214135
GT-214136
GT-214137
GT-214138
GT-214139
GT-214140
GT-214141
GT-214142
GT-214143
GT-214144
GT-214145
GT-214146
GT-214147
GT-214148
GT-214149
GT-214150
GT-214151
GT-214152
GT-214153
GT-214154
GT-214155
GT-214156
GT-214157
GT-214158
GT-214159
GT-214160
GT-214161
GT-214162
GT-214163
GT-214164
GT-214165
GT-214166
GT-214167
GT-214168
GT-214170
GT-214171
GT-214172
GT-214173
GT-214174
GT-214175
GT-214176
GT-214177
GT-214178
GT-214179
GT-214180
GT-214181
GT-214182
GT-214183
GT-214184
GT-214185
GT-214186
GT-214187
GT-214188
GT-214189
GT-214190
GT-214191
GT-214192
GT-214193
GT-214194
GT-214195
GT-214196
GT-214197
GT-214198
GT-214199
GT-214200
GT-214201
GT-215502
GT-21C34
GT-21F42
GT-21F43
GT-21F44
GT-21F45
GT-21L101
GT-21L102
GT-21L103
GT-21L104
GT-21L106
GT-21L108
GT-21L111
GT-21L112
GT-21L116
GT-21L121
GT-21L122
GT-21L126
GT-21L127
GT-21L128
GT-21L130
GT-21L132
GT-21L134
GT-21L135
GT-21L139
GT-21L141
GT-21L145
GT-21L154
GT-224593
GT-224594
GT-224595
GT-224596
GT-224597
GT-224598
GT-224599
GT-224600
GT-224601
GT-224602
GT-224603
GT-224604
GT-224605
GT-224606
GT-224607
GT-224608
GT-224609
GT-224610
GT-224611
GT-224612
GT-224613
GT-224614
GT-224615
GT-224616
GT-224617
GT-224618
GT-224619
GT-224620
GT-224621
GT-224622
GT-224623
GT-224624
GT-224625
GT-224626
GT-224627
GT-224628
GT-224629
GT-224630
GT-224631
GT-224632
GT-224633
GT-224634
GT-224635
GT-224636
GT-224637
GT-224638
GT-224639
GT-224640
GT-224641
GT-224642
GT-224643
GT-224644
GT-224645
GT-224646
GT-224648
GT-224649
GT-224650
GT-224651
GT-224652
GT-224653
GT-224654
GT-224655
GT-224656
GT-224657
GT-224658
GT-224659
GT-224660
GT-224661
GT-224662
GT-224663
GT-224664
GT-224665
GT-224666
GT-224667
GT-224668
GT-224669
GT-224670
GT-224671
GT-224672
GT-224673
GT-224674
GT-224675
GT-224676
GT-224677
GT-224678
GT-224679
GT-224680
GT-224681
GT-224682
GT-224683
GT-224684
GT-224685
GT-224687
GT-224689
GT-224690
GT-224691
GT-224692
GT-224693
GT-224694
GT-224695
GT-224696
GT-224698
GT-224699
GT-224700
GT-224701
GT-224702
GT-224703
GT-224704
GT-224705
GT-224706
GT-224707
GT-224708
GT-224709
GT-224710
GT-224711
GT-224712
GT-224713
GT-224714
GT-224715
GT-224716
GT-224717
GT-224718
GT-224719
GT-224720
GT-224721
GT-224722
GT-224723
GT-224724
GT-224725
GT-224726
GT-224727
GT-224728
GT-224729
GT-224730
GT-224731
GT-224732
GT-224733
GT-224734
GT-224735
GT-224736
GT-224737
GT-224738
GT-224739
GT-224740
GT-224741
GT-224742
GT-224743
GT-224744
GT-224745
GT-224746
GT-224747
GT-224748
GT-224749
GT-224750
GT-224751
GT-224752
GT-224753
GT-224754
GT-224755
GT-224756
GT-224757
GT-224758
GT-224759
GT-224760
GT-224761
GT-224762
GT-224763
GT-224764
GT-224765
GT-224766
GT-224767
GT-224768
GT-224769
GT-224770
GT-224771
GT-224772
GT-224773
GT-224774
GT-224775
GT-224776
GT-224777
GT-224778
GT-224779
GT-224780
GT-224781
GT-224782
GT-224783
GT-224784
GT-224785
GT-224786
GT-224787
GT-224788
GT-224789
GT-224790
GT-224791
GT-224792
GT-224793
GT-224794
GT-224795
GT-224796
GT-224797
GT-224798
GT-224799
GT-224800
GT-224801
GT-224802
GT-224803
GT-224804
GT-224807
GT-224808
GT-224809
GT-224810
GT-224812
GT-224813
GT-224814
GT-224815
GT-224816
GT-224817
GT-224818
GT-224819
GT-224820
GT-224821
GT-224822
GT-224823
GT-224824
GT-224825
GT-224826
GT-224827
GT-224828
GT-224829
GT-224830
GT-224831
GT-224834
GT-224835
GT-224836
GT-224837
GT-224838
GT-224839
GT-224840
GT-224841
GT-224842
GT-224843
GT-224844
GT-224846
GT-224847
GT-224848
GT-224849
GT-224850
GT-224852
GT-224854
GT-22C35
GT-22C36
GT-22C37
GT-22F46
GT-22F47
GT-22F48
GT-22F49
GT-22FL263
GT-22FL264
GT-22FL265
GT-22FL266
GT-22FL267
GT-22FL268
GT-22FL269
GT-22L242
GT-22L243
GT-22L244
GT-22L245
GT-22L246
GT-22L247
GT-22L248
GT-22L249
GT-22L250
GT-22L251
GT-22L252
GT-22L253
GT-22L254
GT-22L255
GT-22L256
GT-22L257
GT-22L258
GT-22L259
GT-22L260
GT-22L261
GT-22L262
GT-22TP200
GT-22TP201
GT-22TP202
GUNNER/BLU
HADDOC/CHA
HADDOC/SOR
HAIRCU/BLA
HALIDE/SPA
HANDSE/DOV
HANOI/IVOR
HANOI/OAK
HARASS/CRE
HARASS/SPA
HELLO/TOFF
HENLEY/FLA
HER/TAUPE
HERSEL/BLU
HIGHLY/SPA
HINKY/BLUE
HOISTE/LIN
HOKUM/NATU
HOLE/GRAY
HOLE/TAUPE
HOOK/BLUE
HOOTY/IVOR
HORME/MINE
HOWDY/OATM
HULLER/BLU
HUTCH/BLAC
HUTCH/OYST
ICONIC/LIN
JAMMY/CREA
JESTED/TAU
JIGGLE/GRA
MABRY/BLUE
MELODY/IVO
NATURAL
NEWMAN/BLA
NGD-1806OL
NGD-18344
NP-SC-A200
NP-SC-N2KP01
NP-SC-NKP208
NP-SC-NKP209
NP-SC-SG2014
NP-T-6310N
NP-T-K106BRD
NP-T-K117W
NP-T-NJM241
OKL-313582
OUT-171000
OUT-171001
OUT-171002
OUT-171004
OUT-171006
OUT-171007
OUT-171009
OUT-171010
OUT-171011
OUT-171012
OUT-171013
OUT-171014
OUT-171015
OUT-171028
OUT-171030
OUT-171032
OUT-171033
OUT-171049
OUT-171055
OUT-171073
OUT-171089
OUT-171090
OUT-171114
OUT-171123
OUT-171124
OUT-171126
OUT-171127
OUT-171128
OUT-171129
OUT-171130
OUT-171132
OUT-171133
OUT-171134
OUT-171135
OUT-171136
OUT-171137
OUT-171138
OUT-171139
OUT-171140
OUT-171141
OUT-171142
OUT-171143
OUT-171144
OUT-171145
OUT-171146
OUT-171147
OUT-171148
OUT-171149
OUT-171150
OUT-171151
OUT-171152
OUT-171154
OUT-171155
OUT-171156
OUT-171157
OUT-171158
OUT-171160
OUT-171161
OUT-171162
OUT-171163
OUT-171164
OUT-171165
OUT-192602
OUT-192603
OUT-192604
OUT-192605
OUT-192606
OUT-192607
OUT-192608
OUT-192609
OUT-192610
OUT-192611
OUT-192612
OUT-192613
OUT-192614
OUT-192615
OUT-192616
OUT-192617
OUT-192618
OUT-192619
OUT-192620
OUT-192621
OUT-192622
OUT-192623
OUT-192624
OUT-192625
OUT-192626
OUT-192627
OUT-192628
OUT-192629
OUT-192630
OUT-192631
OUT-192632
OUT-192633
OUT-192634
OUT-192635
OUT-192636
OUT-192637
OUT-192638
OUT-192639
OUT-192640
OUT-192641
OUT-192642
OUT-192643
OUT-192644
OUT-192645
OUT-192646
OUT-192647
OUT-192648
OUT-192649
OUT-192650
OUT-192651
OUT-192652
OUT-192653
OUT-192654
OUT-192655
OUT-192656
OUT-192657
OUT-192658
OUT-192659
OUT-192660
OUT-192661
OUT-192662
OUT-192663
OUT-192664
OUT-192665
OUT-192666
OUT-192667
OUT-192668
OUT-192669
OUT-192670
OUT-192671
OUT-192672
OUT-192673
OUT-192674
OUT-192675
OUT-192676
OUT-192677
OUT-192678
OUT-192679
OUT-192680
OUT-192681
OUT-192682
OUT-192683
OUT-192684
OUT-192685
OUT-192686
OUT-192687
OUT-192688
OUT-192689
OUT-192690
OUT-192691
OUT-192692
OUT-192693
OUT-192694
OUT-192695
OUT-192696
OUT-192697
OUT-192698
OUT-192699
OUT-192700
OUT-192701
OUT-192702
OUT-192703
OUT-192704
OUT-192706
OUT-192707
OUT-192708
OUT-192709
OUT-192710
OUT-192711
OUT-192712
OUT-192713
OUT-192714
OUT-192715
OUT-192716
OUT-192717
OUT-192718
OUT-192719
OUT-192720
OUT-192721
OUT-192722
OUT-224338
OUT-224339
OUT-224340
OUT-224341
OUT-224342
OUT-224343
OUT-224344
OUT-224345
OUT-224346
OUT-224347
OUT-224348
OUT-224349
OUT-224350
OUT-224351
OUT-224352
OUT-224353
OUT-224354
OUT-224355
OUT-224356
OUT-224357
OUT-224358
OUT-224359
OUT-224360
OUT-224361
OUT-224362
OUT-224363
OUT-224364
OUT-224365
OUT-224366
OUT-224367
OUT-224368
OUT-224369
OUT-224370
OUT-224371
OUT-224372
OUT-224373
OUT-224374
OUT-224375
OUT-224376
OUT-224377
OUT-224378
OUT-224379
OUT-224380
OUT-224381
OUT-224382
OUT-224383
OUT-224384
OUT-224385
OUT-224386
OUT-224387
OUT-224388
OUT-224389
OUT-224390
OUT-224391
OUT-224392
OUT-224393
OUT-224394
OUT-224395
OUT-224396
OUT-224397
OUT-224398
OUT-224399
OUT-224421
OUT-224422
OUT-224423
OUT-224424
OUT-224425
OUT-224426
OUT-224427
OUT-224428
OUT-224429
OUT-224430
OUT-224431
OUT-224432
OUT-224433
OUT-224434
OUT-224435
OUT-224436
OUT-224437
OUT-224438
OUT-224439
OUT-224440
OUT-224441
OUT-224442
OUT-224443
OUT-224444
OUT-224445
OUT-224446
OUT-224447
OUT-224448
OUT-224449
OUT-224450
OUT-224451
OUT-224452
OUT-224453
OUT-224454
OUT-224455
OUT-224456
OUT-224457
OUT-224458
OUT-224459
OUT-224460
OUT-224461
PADRE#LINE
PADRE#OATM
PADRE#SALT
PANINI#WAT
PIXIE/CREA
PIXIE/TAUP
PPG-14051
PPG-14052
PPG-14053
PPG-14054
PPG-14065
PPG-14066
PPG-14067
PPG-14068
SC-16101
SC-18430
SC-18437
SC-18439
SC-18440
SC-18454
SC-18455
SC-18457
SC-18458
SC-18463
SC-18465
SC-18472
SC-18473
SC-18475
SC-18484
SC-18485
SC-18486
SC-18493
SC-18494
SC-18498
SC-18499
SC-18500
SC-18502
SC-18503
SC-18504
SC-18505
SC-18506
SC-18510
SC-18511
SC-18518
SC-18519
SC-18520
SC-18523
SC-18524
SC-18529
SC-18531
SC-18532
SC-18533
SC-18544
SC-18545
SC-18546
SC-18547
SC-18550
SC-18566
SC-18567
SC-18568
SC-18569
SC-18570
SC-18571
SC-18572
SC-18573
SC-18574
SC-18575
SC-18582
SC-18616
SC-18617
SC-18618
SC-18621
SC-18623
SC-18624
SC-18627
SC-18628
SC-18629
SC-18630
SC-18631
SC-18637
SC-18638
SC-18646
SC-18649
SC-18666
SC-18667
SC-18668
SC-18F32
SC-18F33
SC-19664
SC-19672
SC-19673
SC-19674
SC-19675
SC-19676
SC-19677
SC-19678
SC-19679
SC-19680
SC-19681
SC-19682
SC-19683
SC-19685
SC-19686
SC-19687
SC-19688
SC-19689
SC-19690
SC-19691
SC-19692
SC-19697
SC-19698
SC-19699
SC-19700
SC-19701
SC-19702
SC-19703
SC-19704
SC-19705
SC-19B01
SC-19B02
SC-19B03
SC-19T31
SC-19T32
SC-19T33
SC-203064
SC-203066
SC-203067
SC-203068
SC-20593
SC-20594
SC-20595
SC-20596
SC-20597
SC-20706
SC-20713
SC-20714
SC-20716
SC-20718
SC-20719
SC-20721
SC-20738
SC-20741
SC-20743
SC-20745
SC-20746
SC-20749
SC-20750
SC-20751
SC-20752
SC-20756
SC-20757
SC-20758
SC-20759
SC-20761
SC-20762
SC-20769
SC-20770
SC-20774
SC-20782
SC-20783
SC-20784
SC-20785
SC-20786
SC-20787
SC-20790
SC-20791
SC-20792
SC-20940
SC-20941
SC-20942
SC-20943
SC-20944
SC-20945
SC-20946
SC-20947
SC-20948
SC-20949
SC-20950
SC-20951
SC-20952
SC-21343
SC-21344
SC-213884
SC-213885
SC-213886
SC-214076
SC-21598
SC-21599
SC-21793
SC-21794
SC-21936
SC-21937
SC-21938
SC-21939
SC-224202
SC-224203
SC-224204
SC-224205
SC-224206
SC-224207
SC-224208
SC-224210
SC-224211
SC-224212
SC-224213
SC-224216
SC-224217
SC-224218
SC-224219
SC-224220
SC-224221
SC-224222
SC-224223
SC-224224
SC-224225
SC-224227
SC-224228
SC-224229
SC-224230
SC-224231
SC-224232
SC-224234
SC-224235
SC-224236
SC-224237
SC-224238
SC-224239
SC-224240
SC-224241
SC-224242
SC-224243
SC-224244
SC-224245
SC-224247
SC-224248
SC-224249
SC-224251
SC-224252
SC-224253
SC-224254
SC-224255
SC-224256
SC-224257
SC-224258
SC-224259
SC-224260
SC-224261
SC-224262
SC-224263
SC-224264
SC-224266
SC-224267
SC-224268
SC-224269
SC-224272
SC-224273
SC-224274
SC-224275
SC-224277
SC-224278
SC-224280
SC-224281
SC-224282
SC-224283
SC-224285
SC-224287
SC-224289
SC-224291
SC-224294
SC-224295
SC-224297
SC-224298
SC-224299
SC-224300
SC-224301
SC-224302
SC-224305
SC-224306
SC-224307
SC-224310
SC-224312
SC-224313
SC-224314
SC-224315
SC-224316
SC-224317
SC-224318
SC-224319
SC-224320
SC-224321
SC-224322
SC-224323
SC-224324
SC-224325
SC-224326
SC-224327
SC-224328
SC-224329
SC-224330
SC-224332
SC-224333
SC-224334
SC-224335
SC-224336
SC-224337
SC-224462
SC-224591
SC-224855
SC-22T36
SC-22T37
SC-22T38
SC-234856
SC-234857
SC-234858
SC-234859
SC-234860
SC-234861
SC-234862
SC-234863
SC-234864
SC-234865
SC-234866
SC-234867
SC-234868
SC-234869
SC-234870
SC-234871
SC-234872
SC-234873
SC-234874
SC-234875
SC-234876
SC-234877
SC-234878
SC-234879
SC-234880
SC-234881
SC-234882
SC-234883
SC-234884
SC-234885
SC-234886
SC-234887
SC-234888
SC-234889
SC-234890
SC-234891
SC-234892
SC-234893
SC-234894
SC-234895
SC-234896
SCH-150180
SCH-150185
SCH-150200
SCH-151015
SCH-151100
SCH-151120
SCH-151130
SCH-151135
SCH-151140
SCH-151210
SCH-151340
SCH-151345
SCH-151385
SCH-151445
SCH-151455
SCH-151480
SCH-151580
SCH-151620
SCH-151630
SCH-151690
SCH-151730
SCH-151735
SCH-151790
SCH-151955
SCH-151985
SCH-152045
SCH-152060
SCH-152210
SCH-152215
SCH-152265
SCH-153000
SCH-153010
SCH-153100
SCH-153135
SCH-153140
SCH-153145
SCH-153200
SCH-153250
SCH-153415
SCH-153425
SCH-153430
SCH-153435
SCH-153440
SCH-153530
SCH-153555
SCH-153560
SCH-153690
SCH-153700
SCH-153710
SCH-153715
SCH-153720
SCH-153725
SCH-153735
SCH-153745
SCH-153760
SCH-153875
SCH-153900
SCH-153920-A
SCH-153920-B
SCH-155030
SCH-155090
SCH-155110
SCH-155140
SCH-155160
SCH-155195
SCH-155200
SCH-155220
SCH-155265
SCH-155295
SCH-155390
SCH-155410
SCH-155495
SCH-155500
SCH-155570
SCH-155655
SCH-155705
SCH-155720
SCH-155755
SCH-155760
SCH-155795
SCH-155865
SCH-155890
SCH-156015
SCH-156035
SCH-156090
SCH-156095
SCH-156155
SCH-157005
SCH-157015
SCH-157035
SCH-157170
SCH-157180
SCH-157230
SCH-157255-A
SCH-157255-B
SCH-158050
SCH-158055
SCH-158195
SCH-158210
SCH-158230
SCH-158325
SCH-158350
SCH-158360
SCH-158370
SCH-158375
SCH-158395
SCH-158445
SCH-159015
SCH-159020
SCH-159025
SCH-159055
SCH-159065
SCH-159080
SCH-159085
SCH-159095
SCH-159140
SCH-160005
SCH-160025
SCH-160035
SCH-160040
SCH-160050
SCH-160060
SCH-160075
SCH-160090
SCH-160095
SCH-160100
SCH-160105
SCH-160140
SCH-160160
SCH-160205
SCH-160240
SCH-160245
SCH-160300
SCH-160330
SCH-160340
SCH-160350
SCH-160360-A
SCH-160360-B
SCH-160370
SCH-160380
SCH-160415
SCH-161015
SCH-161030-A
SCH-161030-B
SCH-161125
SCH-161145
SCH-161175
SCH-161185
SCH-161205
SCH-162030
SCH-163000
SCH-163080
SCH-163145
SCH-163190
SCH-163210
SCH-163225
SCH-163255
SCH-163265
SCH-163275
SCH-163295
SCH-163310
SCH-163315
SCH-163320
SCH-163325
SCH-163335
SCH-163340
SCH-163350
SCH-163375
SCH-163390
SCH-163395
SCH-163410
SCH-164020
SCH-165005
SCH-165010
SCH-165020
SCH-165025
SCH-165030
SCH-165035
SCH-165050
SCH-165055
SCH-165065-A
SCH-165065-B
SCH-165070
SCH-165075
SCH-165080
SCH-165085
SCH-165090
SCH-165100
SCH-165105-A
SCH-165105-B
SCH-166000
SCH-166005
SCH-166010
SCH-166015
SCH-166020
SCH-166025
SCH-166085
SCH-166090
SCH-166095-A
SCH-166095-B
SCH-166100
SCH-166130
SCH-166135
SCH-166140
SCH-166150
SCH-166155-R
SCH-166160
SCH-166165
SCH-166180
SCH-166185
SCH-166190
SCH-166220
SCH-166225
SCH-166230
SCH-166235
SCH-166240
SCH-166250
SCH-166260
SCH-166275
SCH-166285
SCH-166295
SCH-166300
SCH-166305
SCH-166310
SCH-166320
SCH-166325
SCH-166335
SCH-166340
SCH-166345
SCH-166350
SCH-167000
SCH-167005
SCH-167010
SCH-167020
SCH-167040
SCH-167045
SCH-167050
SCH-167055
SCH-167060
SCH-167075
SCH-167080
SCH-167085
SCH-167200
SCH-167205
SCH-167210
SCH-167215
SCH-167220
SCH-167225
SCH-167230
SCH-167235-A
SCH-167235-B
SCH-167250
SCH-167260
SCH-167265
SCH-167270
SCH-167275
SCH-167280
SCH-167290
SCH-167295
SCH-167300
SCH-168000
SCH-168005
SCH-168010
SCH-168015
SCH-168020
SCH-168025
SCH-168030
SCH-168035
SCH-168040
SCH-168045
SCH-168050-A
SCH-168050-B
SCH-168055
SCH-168065
SCH-168070
SCH-168075
SCH-168080
SCH-168085
SCH-168090
SCH-168095
SCH-168100
SCH-168105
SCH-168110-A
SCH-168110-B
SCH-168115
SCH-168120
SCH-168125
SCH-168130
SCH-168135
SCH-168140
SCH-168145
SCH-168150
SCH-168155
SCH-168160
SCH-168165
SCH-168170
SCH-168175-A
SCH-168175-B
SCH-168185-A
SCH-168185-B
SCH-168190
SCH-168195
SCH-168200
SCH-168205
SCH-168210
SCH-168215
SCH-168220
SCH-168225
SCH-168230
SCH-168235
SCH-168300
SCH-168305
SCH-169000
SCH-169005
SCH-169010
SCH-169020
SCH-169025
SCH-169030
SCH-169035
SCH-169040
SCH-169045
SCH-169055
SCH-169060
SCH-169065
SCH-169070
SCH-169075
SCH-169080
SCH-169085
SCH-169090
SCH-169095-A
SCH-169095-B
SCH-169100
SCH-169110
SCH-169125
SCH-169130
SCH-169135
SCH-169140
SCH-169145
SCH-169150
SCH-169155
SCH-169160
SCH-169160-R
SCH-169165-R
SCH-169175-A
SCH-169175-B
SCH-169180
SCH-169185-A
SCH-169185-B
SCH-169190-A
SCH-169190-B
SCH-169195
SCH-169200
SCH-169205
SCH-169210
SCH-169215
SCH-169220-A
SCH-169220-B
SCH-169235-A
SCH-169235-B
SCH-169240-A
SCH-169240-B
SCH-169245
SCH-169250
SCH-169255
SCH-169260
SCH-169265
SCH-169270
SCH-169275
SCH-169280
SCH-169285
SCH-169290
SCH-169295
SCH-169300-A
SCH-169300-B
SCH-169305
SCH-169310
SCH-169315
SCH-169320
SCH-169330
SCH-169335
SCH-169345-A
SCH-169345-B
SCH-169345-C
SCH-169350-A
SCH-169350-B
SCH-169350-C
SCH-169355-A
SCH-169355-B
SCH-170005
SCH-170010
SCH-170015
SCH-170020
SCH-170025
SCH-170030
SCH-170035
SCH-170040
SCH-170045
SCH-170050
SCH-170055
SCH-170060
SCH-170065
SCH-170070
SCH-170075
SCH-170080-A
SCH-170080-B
SCH-170090-A
SCH-170090-B
SCH-170095
SCH-170100
SCH-170105-A
SCH-170105-B
SCH-170115
SCH-170120
SCH-170125-A
SCH-170125-B
SCH-170130
SCH-170135
SCH-170140
SCH-170145
SCH-170150
SCH-170155
SCH-170160
SCH-170165
SCH-170170
SCH-170175
SCH-170185
SCH-170190
SCH-170195
SCH-170200
SCH-170205
SCH-170210
SCH-170215
SCH-170220
SCH-170230
SCH-170235
SCH-170240
SCH-170245
SCH-170250-A
SCH-170250-B
SCH-170255
SCH-170260
SCH-170265
SCH-170270
SCH-170275
SCH-170280-A
SCH-170280-B
SCH-170285
SCH-170290
SCH-170295
SCH-170300
SCH-170305-A
SCH-170305-B
SCH-170310-A
SCH-170310-B
SCH-170315
SCH-170325-A
SCH-170325-B
SCH-170330
SCH-170335
SCH-170340
SCH-170350
SCH-170355
SCH-170360
SCH-170365-A
SCH-170365-B
SCH-170370-A
SCH-170370-B
SCH-170400
SCH-170405-A
SCH-170405-B
SCH-170420-A
SCH-170420-B
SCH-170430
SCH-170435
SCH-170445-A
SCH-170445-B
SCH-170450-A
SCH-170450-B
SCH-170460
SCH-170465
SCH-170470
SCH-170480
SCH-170485
SCH-170490
SCH-170495
SCH-170500
SCH-170505
SCH-170515
SCH-170535-A
SCH-170535-B
SCH-170540-A
SCH-170540-B
SCH-170545
SCH-170550
SCH-170555
SCH-170560
SCH-170565
SCH-170575
SCH-170580
SCH-171005
SCH-171010
SCH-171015
SCH-171020
SCH-175004
SCH-175005
SCH-175006-A
SCH-175006-B
SCH-175008
SCH-175009
SCH-175010-A
SCH-175010-B
SCH-175012
SCH-175013
SCH-175014
SCH-175016-A
SCH-175016-B
SCH-175017
SCH-175018
SCH-175019
SCH-175020
SCH-175021
SCH-175022
SCH-175023
SCH-175024
SCH-175025
SCH-175026
SCH-175027
SCH-175028
SCH-175031
SCH-175032
SCH-175033
SCH-175038
SCH-175039
SCH-175040
SCH-175045
SCH-175050-A
SCH-175050-B
SCH-175052-A
SCH-175052-B
SCH-175054-A
SCH-175054-B
SCH-175055-A
SCH-175055-B
SCH-175057
SCH-175060-A
SCH-175060-B
SCH-175062
SCH-175065
SCH-175067
SCH-175070
SCH-175080
SCH-175081
SCH-175082
SCH-175083
SCH-175084-A
SCH-175084-B
SCH-175088
SCH-175089
SCH-175091
SCH-175092
SCH-175093
SCH-175094
SCH-175095
SCH-175097-A
SCH-175097-B
SCH-175098
SCH-175104
SCH-175106
SCH-175109-A
SCH-175109-B
SCH-175110
SCH-175113-A
SCH-175113-B
SCH-175114
SCH-175115
SCH-175116
SCH-175117
SCH-175118
SCH-175121
SCH-175122
SCH-175123
SCH-175125
SCH-175126
SCH-175129-A
SCH-175129-B
SCH-175132
SCH-175133
SCH-175134
SCH-175199
SCH-191000
SCH-191001
SCH-191002
SCH-191003
SCH-191102
SCH-191103
SCH-191164
SCH-191220
SCH-191241
SCH-191243
SCH-192100
SCH-192101
SCH-192102
SCH-192120
SCH-192160
SCH-192163
SCH-192250-A
SCH-192250-B
SCH-192251-A
SCH-192251-B
SCH-192281
SCH-192282
SCH-192283
SCH-192284
SCH-192300
SCH-192330
SCH-192350
SCH-192351
SCH-192370
SCH-192371
SCH-192401
SCH-192420
SCH-220120
SCH-220180
SCH-220185
SCH-220300
SCH-220315
SCH-220355
SCH-240155
SCH-240310
SCH-240505
SCH-240510
SCH-240615
SCH-250055
SCH-250155
SCH-250185
SCH-250240
SCH-250255
SCH-250285
SCH-250300
SCH-270275
SCH-270305
SCH-280300
SCH-290050
SCH-290115
SCH-290275
SCH-290360
SCH-290395
SCH-401245
SCH-401310
SCH-451130
SCH-550390
SCH-550435
SCH-550460
SCH-553-F03
SCH-554-S300
SCH-560-S300-F03
SCH-573-S300-F03
SCH-574-S300-F03
SCH-575-S300-F03
SCH-578-S300-F03
SCH-579-S300-F03
SCH-592-S300-F03
SCH-PT-00319
SKM-CT1
SKM-CT4
SKM-CT5
SKM-CTG
SKM-CTID
SKM-CTJIN
SKM-CTVT
SKM-MT2
SKM-SKLF1
SKM-SKLF2
SKM-SKLF3
SKM-SN2
SKM-SN3
SKM-SN4
SKM-SN5
SKM-WB1
SKM-WB10
SKM-WB5
SKM-WB6
SKM-WB7
SKM-WB9
SKM-WBSM1
SKM-WBSM10
SKM-WBSM5
SKM-WBSM6
SKM-WBSM7
SKM-WBSM9
SOP-171401
SOP-171402
SOP-171403
SOP-171404
SOP-171405
SOP-171410
SOP-171411
SOP-171412
SOP-171419
SOP-171421
SOP-171429
SOP-171432
SOP-171437
SOP-171438
SOP-182333
SOP-182334
SOP-182344
SOP-182383
SOP-182384
SOP-182385
SOP-182388
SOP-182414
SOP-182415
SOP-182416
SOP-182417
SOP-182427
SOP-182428
SOP-182429
SOP-182430
SOP-182431
SOP-182432
SOP-182433
SOP-182529
SOP-182534
SOP-182536
SOP-182537
SOP-182538
SOP-182539
SOP-182540
SOP-182541
SOP-182542
SOR-182490
SOR-182491
SOR-182492
SOR-182494
SOR-182495
SOR-182496
SOR-182497
SOR-182499
SOR-182500
SOR-182501
SOR-182502
SOR-182503
SOR-182504
SOR-182505
SOR-182506
SOR-182507
SOR-182509
SOR-182512
SOR-182513
SOR-182517
SOR-182519
SOR-182520
SOR-182521
SOR-182522
SOS-171631
SOS-171634
SOS-171636
SOS-171637
SOS-171639
SOS-171640
SOS-171642
SOS-171643
SOS-171644
SOS-171645
SOS-171646
SOS-171647
SOS-171648
SOS-171650
SOS-171653
SOS-171655
SOS-171656
SOS-171657
SOS-171658
SOS-171659
SOS-171660
SOS-171661
SOS-171664
SOS-171665
SOS-171666
SOS-171667
SOS-171668
SOS-171669
SOS-171670
SOS-171672
SOS-171673
SOS-171676
SOS-171677
SOS-171678
SOS-171679
SOS-171680
SOS-171681
SOS-171682
SOS-171683
SOS-171684
SOS-171686
SOS-171687
SOS-171688
SOS-171690
SOS-171691
SOS-171692
SOS-171693
SOS-171694
SOS-171697
SOS-171698
SOS-171699
SOS-171700
SOS-171701
SOS-171702
SOS-171703
SOS-171704
SOS-171705
SOS-171706
SOS-171707
SOS-171708
SOS-171709
SOS-171710
SOS-171711
SOS-171713
SOS-171714
SOS-171715
SOS-171717
SOS-171718
SOS-171719
SOS-171720
SOS-171722
SOS-171723
SOS-171724
SOS-171727
SOS-171729
SOS-171730
SOS-171731
SOS-171732
SOS-171736
SOS-171739
SOS-171748
SOS-171755
SOS-171757
SOS-171759
SOS-171760
SOS-171762
SOS-171763
SOS-171765
SOS-171767
SOS-171769
SOS-171770
SOS-171773
SOS-171774
SOS-171775
SOS-171777
SOS-171778
SOS-171779
SOS-171781
SOS-171782
SOS-171786
SOS-171788
SOS-171789
SOS-171795
SOS-171796
SOS-171797
SOS-171798
SOS-171799
SOS-171801
SOS-171803
SOS-171804
SOS-171805
SOS-171806
SOS-171808
SOS-171809
SOS-171811
SOS-171812
SOS-171813
SOS-171814
SOS-171818
SOS-171824
SOS-171827
SOS-171828
SOS-171829
SOS-171831
SOS-171838
SOS-171841
SOS-171843
SOS-171844
SOS-171846
SOS-171850
SOS-171853
SOS-171854
SOS-171855
SOS-171856
SOS-171859
SOS-171860
SOS-171861
SOS-171862
SOS-171863
SOS-171865
SOS-171868
SOS-171869
SOS-171870
SOS-171871
SOS-171874
SOS-171875
SOS-171877
SOS-171878
SOS-182448
SOS-182450
SOS-182453
SOS-182460
SOS-182461
SOS-182463
SOS-182464
SOS-182466
SOS-182467
SOS-182469
SOS-182470
SOS-182471
SOS-182472
SOS-182474
SOS-182476
SOS-182479
SOS-182480
SOS-182482
SOS-182484
SOS-182487
SOS-182489
SOS-214074
TB-1974127
TRI-202724
TRI-202725
TRI-202726
TRI-202727
TRI-202728
TRI-202729
TRI-202730
TRI-202731
TRI-202732
TRI-202733
TRI-202734
TRI-202735
TRI-202736
TRI-202737
TRI-202738
TRI-202739
TRI-202740
TRI-202741
TRI-202742
TRI-202743
TRI-202744
TRI-202745
TRI-202746
TRI-202747
TRI-202748
TRI-202749
TRI-202750
TRI-202751
TRI-202752
TRI-202753
TRI-202754
TRI-202755
TRI-202756
TRI-202757
TRI-202758
TRI-202759
TRI-202760
TRI-202761
TRI-202762
TRI-202763
TRI-202764
TRI-202765
TRI-202766
TRI-202767
TRI-202768
TRI-202769
TRI-202770
TRI-202771
TRI-202772
TRI-202773
TRI-202774
TRI-202827
TRI-202828
TRI-202829
TRI-202830
TRI-202831
TRI-202832
TRI-202833
TRI-202834
TRI-202835
TRI-202848
TRI-202849
TRI-202850
TRI-202851
TRI-202852
TRI-202853
TRI-202854
TRI-202855
TRI-202856
TRI-202857
TRI-202858
TRI-202859
TRI-202860
TRI-202861
TRI-202862
TRI-202863
TRI-202864
TRI-202865
TRI-202866
TRI-202867
TRI-202868
TRI-202869
TRI-202870
TRI-202871
TRI-202872
TRI-202873
TRI-202874
TRI-202875
TRI-202876
TRI-202877
TRI-202878
TRI-202879
TRI-202880
TRI-202881
TRI-202882
TRI-202885
TRI-202888
TRI-202889
TRI-202890
TRI-202891
TRI-202893
TRI-202895
TRI-202898
TRI-202900
TRI-202901
TRI-202906
TRI-202913
TRI-213900
TRI-213901
TRI-213902
TRI-213903
TRI-213904
TRI-213905
TRI-213906
TRI-213907
TRI-213908
TRI-213909
TRI-213910
TRI-213911
TRI-213912
TRI-213913
TRI-213914
TRI-213915
TRI-213916
TRI-213917
TRI-213918
TRI-213919
TRI-213920
TRI-213921
TRI-213922
TRI-213923
TRI-213924
TRI-213925
TRI-213926
TRI-213927
TRI-213928
TRI-213929
TRI-213930
TRI-213931
TRI-213932
TRI-213933
TRI-213934
TRI-213935
TRI-213936
TRI-213937
TRI-213938
TRI-213939
TRI-213940
TRI-213941
TRI-213942
TRI-213943
TRI-213944
TRI-213945
TRI-213946
TRI-213947
TRI-213948
TRI-213949
TRI-213950
TRI-213951
TRI-213952
TRI-213953
TRI-213954
TRI-213955
TRI-213956
TRI-213957
TRI-213958
TRI-213959
TRI-213960
TRI-213961
TRI-213962
TRI-213963
TRI-213964
TRI-213965
TRI-213966
TRI-213967
TRI-213968
TRI-213969
TRI-213970
TRI-213971
TRI-213972
TRI-213973
TRI-213974
TRI-213975
TRI-213976
TRI-213977
TRI-213978
TRI-213979
TRI-213980
TRI-213981
TRI-213982
TRI-213983
TRI-213984
TRI-213985
TRI-213986
TRI-213987
TRI-213988
TRI-213989
TRI-213990
TRI-213991
TRI-213992
TRI-213993
TRI-213994
TRI-213995
TRI-213996
TRI-213997
TRI-213998
TRI-213999
TRI-214000
TRI-214001
TRI-214002
TRI-214003
TRI-214004
TRI-214005
TRI-214006
TRI-214007
TRI-214008
TRI-214009
TRI-214010
TRI-214011
TRI-214012
TRI-214013
TRI-214014
TRI-214015
TRI-214016
TRI-214017
TRI-214020
TRI-214022
TRI-214028
TRI-214029
TRI-214030
TRI-214031
TRI-214032
TRI-214033
TRI-214034
TRI-214035
TRI-214036
TRI-214037
TRI-214038
TRI-214039
TRI-214040
TRI-214041
TRI-214042
TRI-214043
TRI-214044
TRI-214045
TRI-214046
TRI-214047
TRI-214048
TRI-214049
TRI-214050
TRI-214051
TRI-214052
TRI-214053
TRI-214054
TRI-214055
TRI-214056
TRI-214057
TRI-214058
TRI-214059
TRI-214060
TRI-214061
TRI-214062
TRI-214063
TRI-214064
TRI-214065
TRI-214066
TRI-214067
TRI-214068
TRI-214069
TRI-214070
TRI-214071
TRI-214072
TRI-214077
TRI-214078
TRI-214079
TRI-214080
TRI-214081
TRI-214082
TRI-214083
TRI-214084
TRI-214085
TRI-214086
TRI-214087
TRI-214088
TRI-214089
TRI-214090
TRI-214091
TRI-214092
TRI-214093
TRI-214094
TRI-214095
TRI-214096
TRI-214097
TRI-214098
TRI-214099
TRI-214100
TRI-214101
TRI-214102
TRI-214103
TRI-214104
TRI-214105
TRI-214106
TRI-214107
TRI-214108
TRI-214109
TRI-214110
TRI-214111
TRI-214112
TRI-214113
TRI-214114
TRI-214115
TRI-214116
TRI-214117
TRI-214118
TRI-214119
TRI-214120
TRI-224309
ULT-182280
ULT-182282
ULT-182289
ULT-182298
ULT-182305
VAL-224463
VAL-224465
VAL-224466
VAL-224468
VAL-224469
VAL-224470
VAL-224471
VAL-224473
VAL-224474
VAL-224475
VAL-224476
VAL-224477
VAL-224478
VAL-224479
VAL-224480
VAL-224481
VAL-224482
VAL-224483
VAL-224484
VAL-224485
VAL-224486
VAL-224487
VAL-224488
VAL-224489
VAL-224490
VAL-224491
VAL-224492
VAL-224493
VAL-224494
VAL-224495
VAL-224496
VAL-224497
VAL-224498
VAL-224499
VAL-224500
VAL-224501
VAL-224502
VAL-224503
VAL-224504
VAL-224505
VAL-224506
VAL-224507
VAL-224508
VAL-224509
VAL-224510
VAL-224511
VAL-224512
VAL-224513
VAL-224514
VAL-224515
VAL-224516
VAL-224517
VAL-224518
VAL-224519
VAL-224520
VAL-224521
VAL-224522
VAL-224523
VAL-224524
VAL-224525
VAL-224526
VAL-224527
VAL-224528
VAL-224529
VAL-224530
VAL-224531
VAL-224532
VAL-224533
VAL-224534
VAL-224535
VAL-224536
VAL-224537
VAL-224538
VAL-224539
VAL-224540
VAL-224541
VAL-224542
VAL-224543
VAL-224544
VAL-224545
VAL-224546
VAL-224547
VAL-224548
VAL-224549
VAL-224550
VAL-224551
VAL-224552
VAL-224553
VAL-224554
VAL-224555
VAL-224556
VAL-224557
VAL-224558
VAL-224559
VAL-224560
VAL-224561
VAL-224562
VAL-224563
VAL-224564
VAL-224565
VAL-224566
VAL-224567
VAL-224568
VAL-224569
VAL-224570
VAL-224571
VAL-224572
VAL-224573
VAL-224574
VAL-224575
VAL-224576
VAL-224577
VAL-224578
VAL-224579
VAL-224580
VAL-224581
VAL-224582
VAL-224583
VAL-224584
VAL-224585
VAL-224586
VAL-224587
VAL-224588
VAL-224589
VAL-224590
WAG-WAB3538
WAG-WAB3539
WAG-WAB3909
WAG-WEU1138
WAG-WEU1142
WAG-WSL1222
WAG-WSL1224
WAG-WSL1225
WAG-WSL1227
WAG-WSL1238
WAG-WSL1239
WAG-WVT1730
WASABI
WF-SCH-151135
WF-SCH-151340
WF-SCH-151345
WF-SCH-151385
WF-SCH-151620
WF-SCH-153900
WF-SCH-155195
WF-SCH-155295
WF-SCH-155410
WF-SCH-155570
WF-SCH-155655
WF-SCH-156090
WF-SCH-158325
WF-SCH-158375
WF-SCH-159065
WF-SCH-160350
WF-SCH-161185
WF-SCH-192330
WF-SCH-290115
WF-SCH-550435
ZOOM003
ZOOM005
ZOOM009
ZOOM014
ZOOM017
ZOOM018
ZOOM027
ZOOM029
ZOOM032
ZX-CH-5669
ZX-CH-5670
ZX-IN-6261
ZX-IN-7130
ZX-IN-7136
ZX-IN-7143
ZX-IN-7144
ZX-SC-NCX-3023
ZX-T-CH-6257
ZX-T-CH-6258
ZX-T-CH-6259
ZX-T-IN-6217
ZX-VT-1284
ZX-VT-1320
ZX-VT-1321

(4251 rows affected)


Completion time: 2022-11-21T10:41:11.6561697-06:00
