ProfileType YearWindow PeriodStartDate YearPerSeqNo                            UpdateDT
----------- ---------- --------------- --------------------------------------- -----------------------
Month       1          2019-09-01      1                                       2022-09-15 09:26:01.817
Month       1          2019-10-01      2                                       2022-09-15 09:26:01.817
Month       1          2019-11-01      3                                       2022-09-15 09:26:01.817
Month       1          2019-12-01      4                                       2022-09-15 09:26:01.817
Month       1          2020-01-01      5                                       2022-09-15 09:26:01.817
Month       1          2020-02-01      6                                       2022-09-15 09:26:01.817
Month       1          2020-03-01      7                                       2022-09-15 09:26:01.817
Month       1          2020-04-01      8                                       2022-09-15 09:26:01.817
Month       1          2020-05-01      9                                       2022-09-15 09:26:01.817
Month       1          2020-06-01      10                                      2022-09-15 09:26:01.817
Month       1          2020-07-01      11                                      2022-09-15 09:26:01.817
Month       1          2020-08-01      12                                      2022-09-15 09:26:01.817
Month       2          2020-09-01      1                                       2022-09-15 09:26:01.817
Month       2          2020-10-01      2                                       2022-09-15 09:26:01.817
Month       2          2020-11-01      3                                       2022-09-15 09:26:01.817
Month       2          2020-12-01      4                                       2022-09-15 09:26:01.817
Month       2          2021-01-01      5                                       2022-09-15 09:26:01.817
Month       2          2021-02-01      6                                       2022-09-15 09:26:01.817
Month       2          2021-03-01      7                                       2022-09-15 09:26:01.817
Month       2          2021-04-01      8                                       2022-09-15 09:26:01.817
Month       2          2021-05-01      9                                       2022-09-15 09:26:01.817
Month       2          2021-06-01      10                                      2022-09-15 09:26:01.817
Month       2          2021-07-01      11                                      2022-09-15 09:26:01.817
Month       2          2021-08-01      12                                      2022-09-15 09:26:01.817
Month       3          2021-09-01      1                                       2022-09-15 09:26:01.817
Month       3          2021-10-01      2                                       2022-09-15 09:26:01.817
Month       3          2021-11-01      3                                       2022-09-15 09:26:01.817
Month       3          2021-12-01      4                                       2022-09-15 09:26:01.817
Month       3          2022-01-01      5                                       2022-09-15 09:26:01.817
Month       3          2022-02-01      6                                       2022-09-15 09:26:01.817
Month       3          2022-03-01      7                                       2022-09-15 09:26:01.817
Month       3          2022-04-01      8                                       2022-09-15 09:26:01.817
Month       3          2022-05-01      9                                       2022-09-15 09:26:01.817
Month       3          2022-06-01      10                                      2022-09-15 09:26:01.817
Month       3          2022-07-01      11                                      2022-09-15 09:26:01.817
Month       3          2022-08-01      12                                      2022-09-15 09:26:01.817
Quarter     1          2019-07-01      1                                       2022-09-15 09:26:01.817
Quarter     1          2019-10-01      2                                       2022-09-15 09:26:01.817
Quarter     1          2020-01-01      3                                       2022-09-15 09:26:01.817
Quarter     1          2020-04-01      4                                       2022-09-15 09:26:01.817
Quarter     2          2020-07-01      1                                       2022-09-15 09:26:01.817
Quarter     2          2020-10-01      2                                       2022-09-15 09:26:01.817
Quarter     2          2021-01-01      3                                       2022-09-15 09:26:01.817
Quarter     2          2021-04-01      4                                       2022-09-15 09:26:01.817
Quarter     3          2021-07-01      1                                       2022-09-15 09:26:01.817
Quarter     3          2021-10-01      2                                       2022-09-15 09:26:01.817
Quarter     3          2022-01-01      3                                       2022-09-15 09:26:01.817
Quarter     3          2022-04-01      4                                       2022-09-15 09:26:01.817
Week        1          2019-09-16      1                                       2022-09-15 09:26:01.817
Week        1          2019-09-23      2                                       2022-09-15 09:26:01.817
Week        1          2019-09-30      3                                       2022-09-15 09:26:01.817
Week        1          2019-10-07      4                                       2022-09-15 09:26:01.817
Week        1          2019-10-14      5                                       2022-09-15 09:26:01.817
Week        1          2019-10-21      6                                       2022-09-15 09:26:01.817
Week        1          2019-10-28      7                                       2022-09-15 09:26:01.817
Week        1          2019-11-04      8                                       2022-09-15 09:26:01.817
Week        1          2019-11-11      9                                       2022-09-15 09:26:01.817
Week        1          2019-11-18      10                                      2022-09-15 09:26:01.817
Week        1          2019-11-25      11                                      2022-09-15 09:26:01.817
Week        1          2019-12-02      12                                      2022-09-15 09:26:01.817
Week        1          2019-12-09      13                                      2022-09-15 09:26:01.817
Week        1          2019-12-16      14                                      2022-09-15 09:26:01.817
Week        1          2019-12-23      15                                      2022-09-15 09:26:01.817
Week        1          2019-12-30      16                                      2022-09-15 09:26:01.817
Week        1          2020-01-06      17                                      2022-09-15 09:26:01.817
Week        1          2020-01-13      18                                      2022-09-15 09:26:01.817
Week        1          2020-01-20      19                                      2022-09-15 09:26:01.817
Week        1          2020-01-27      20                                      2022-09-15 09:26:01.817
Week        1          2020-02-03      21                                      2022-09-15 09:26:01.817
Week        1          2020-02-10      22                                      2022-09-15 09:26:01.817
Week        1          2020-02-17      23                                      2022-09-15 09:26:01.817
Week        1          2020-02-24      24                                      2022-09-15 09:26:01.817
Week        1          2020-03-02      25                                      2022-09-15 09:26:01.817
Week        1          2020-03-09      26                                      2022-09-15 09:26:01.817
Week        1          2020-03-16      27                                      2022-09-15 09:26:01.817
Week        1          2020-03-23      28                                      2022-09-15 09:26:01.817
Week        1          2020-03-30      29                                      2022-09-15 09:26:01.817
Week        1          2020-04-06      30                                      2022-09-15 09:26:01.817
Week        1          2020-04-13      31                                      2022-09-15 09:26:01.817
Week        1          2020-04-20      32                                      2022-09-15 09:26:01.817
Week        1          2020-04-27      33                                      2022-09-15 09:26:01.817
Week        1          2020-05-04      34                                      2022-09-15 09:26:01.817
Week        1          2020-05-11      35                                      2022-09-15 09:26:01.817
Week        1          2020-05-18      36                                      2022-09-15 09:26:01.817
Week        1          2020-05-25      37                                      2022-09-15 09:26:01.817
Week        1          2020-06-01      38                                      2022-09-15 09:26:01.817
Week        1          2020-06-08      39                                      2022-09-15 09:26:01.817
Week        1          2020-06-15      40                                      2022-09-15 09:26:01.817
Week        1          2020-06-22      41                                      2022-09-15 09:26:01.817
Week        1          2020-06-29      42                                      2022-09-15 09:26:01.817
Week        1          2020-07-06      43                                      2022-09-15 09:26:01.817
Week        1          2020-07-13      44                                      2022-09-15 09:26:01.817
Week        1          2020-07-20      45                                      2022-09-15 09:26:01.817
Week        1          2020-07-27      46                                      2022-09-15 09:26:01.817
Week        1          2020-08-03      47                                      2022-09-15 09:26:01.817
Week        1          2020-08-10      48                                      2022-09-15 09:26:01.817
Week        1          2020-08-17      49                                      2022-09-15 09:26:01.817
Week        1          2020-08-24      50                                      2022-09-15 09:26:01.817
Week        1          2020-08-31      51                                      2022-09-15 09:26:01.817
Week        1          2020-09-07      52                                      2022-09-15 09:26:01.817
Week        2          2020-09-14      1                                       2022-09-15 09:26:01.817
Week        2          2020-09-21      2                                       2022-09-15 09:26:01.817
Week        2          2020-09-28      3                                       2022-09-15 09:26:01.817
Week        2          2020-10-05      4                                       2022-09-15 09:26:01.817
Week        2          2020-10-12      5                                       2022-09-15 09:26:01.817
Week        2          2020-10-19      6                                       2022-09-15 09:26:01.817
Week        2          2020-10-26      7                                       2022-09-15 09:26:01.817
Week        2          2020-11-02      8                                       2022-09-15 09:26:01.817
Week        2          2020-11-09      9                                       2022-09-15 09:26:01.817
Week        2          2020-11-16      10                                      2022-09-15 09:26:01.817
Week        2          2020-11-23      11                                      2022-09-15 09:26:01.817
Week        2          2020-11-30      12                                      2022-09-15 09:26:01.817
Week        2          2020-12-07      13                                      2022-09-15 09:26:01.817
Week        2          2020-12-14      14                                      2022-09-15 09:26:01.817
Week        2          2020-12-21      15                                      2022-09-15 09:26:01.817
Week        2          2020-12-28      16                                      2022-09-15 09:26:01.817
Week        2          2021-01-04      17                                      2022-09-15 09:26:01.817
Week        2          2021-01-11      18                                      2022-09-15 09:26:01.817
Week        2          2021-01-18      19                                      2022-09-15 09:26:01.817
Week        2          2021-01-25      20                                      2022-09-15 09:26:01.817
Week        2          2021-02-01      21                                      2022-09-15 09:26:01.817
Week        2          2021-02-08      22                                      2022-09-15 09:26:01.817
Week        2          2021-02-15      23                                      2022-09-15 09:26:01.817
Week        2          2021-02-22      24                                      2022-09-15 09:26:01.817
Week        2          2021-03-01      25                                      2022-09-15 09:26:01.817
Week        2          2021-03-08      26                                      2022-09-15 09:26:01.817
Week        2          2021-03-15      27                                      2022-09-15 09:26:01.817
Week        2          2021-03-22      28                                      2022-09-15 09:26:01.817
Week        2          2021-03-29      29                                      2022-09-15 09:26:01.817
Week        2          2021-04-05      30                                      2022-09-15 09:26:01.817
Week        2          2021-04-12      31                                      2022-09-15 09:26:01.817
Week        2          2021-04-19      32                                      2022-09-15 09:26:01.817
Week        2          2021-04-26      33                                      2022-09-15 09:26:01.817
Week        2          2021-05-03      34                                      2022-09-15 09:26:01.817
Week        2          2021-05-10      35                                      2022-09-15 09:26:01.817
Week        2          2021-05-17      36                                      2022-09-15 09:26:01.817
Week        2          2021-05-24      37                                      2022-09-15 09:26:01.817
Week        2          2021-05-31      38                                      2022-09-15 09:26:01.817
Week        2          2021-06-07      39                                      2022-09-15 09:26:01.817
Week        2          2021-06-14      40                                      2022-09-15 09:26:01.817
Week        2          2021-06-21      41                                      2022-09-15 09:26:01.817
Week        2          2021-06-28      42                                      2022-09-15 09:26:01.817
Week        2          2021-07-05      43                                      2022-09-15 09:26:01.817
Week        2          2021-07-12      44                                      2022-09-15 09:26:01.817
Week        2          2021-07-19      45                                      2022-09-15 09:26:01.817
Week        2          2021-07-26      46                                      2022-09-15 09:26:01.817
Week        2          2021-08-02      47                                      2022-09-15 09:26:01.817
Week        2          2021-08-09      48                                      2022-09-15 09:26:01.817
Week        2          2021-08-16      49                                      2022-09-15 09:26:01.817
Week        2          2021-08-23      50                                      2022-09-15 09:26:01.817
Week        2          2021-08-30      51                                      2022-09-15 09:26:01.817
Week        2          2021-09-06      52                                      2022-09-15 09:26:01.817
Week        3          2021-09-13      1                                       2022-09-15 09:26:01.817
Week        3          2021-09-20      2                                       2022-09-15 09:26:01.817
Week        3          2021-09-27      3                                       2022-09-15 09:26:01.817
Week        3          2021-10-04      4                                       2022-09-15 09:26:01.817
Week        3          2021-10-11      5                                       2022-09-15 09:26:01.817
Week        3          2021-10-18      6                                       2022-09-15 09:26:01.817
Week        3          2021-10-25      7                                       2022-09-15 09:26:01.817
Week        3          2021-11-01      8                                       2022-09-15 09:26:01.817
Week        3          2021-11-08      9                                       2022-09-15 09:26:01.817
Week        3          2021-11-15      10                                      2022-09-15 09:26:01.817
Week        3          2021-11-22      11                                      2022-09-15 09:26:01.817
Week        3          2021-11-29      12                                      2022-09-15 09:26:01.817
Week        3          2021-12-06      13                                      2022-09-15 09:26:01.817
Week        3          2021-12-13      14                                      2022-09-15 09:26:01.817
Week        3          2021-12-20      15                                      2022-09-15 09:26:01.817
Week        3          2021-12-27      16                                      2022-09-15 09:26:01.817
Week        3          2022-01-03      17                                      2022-09-15 09:26:01.817
Week        3          2022-01-10      18                                      2022-09-15 09:26:01.817
Week        3          2022-01-17      19                                      2022-09-15 09:26:01.817
Week        3          2022-01-24      20                                      2022-09-15 09:26:01.817
Week        3          2022-01-31      21                                      2022-09-15 09:26:01.817
Week        3          2022-02-07      22                                      2022-09-15 09:26:01.817
Week        3          2022-02-14      23                                      2022-09-15 09:26:01.817
Week        3          2022-02-21      24                                      2022-09-15 09:26:01.817
Week        3          2022-02-28      25                                      2022-09-15 09:26:01.817
Week        3          2022-03-07      26                                      2022-09-15 09:26:01.817
Week        3          2022-03-14      27                                      2022-09-15 09:26:01.817
Week        3          2022-03-21      28                                      2022-09-15 09:26:01.817
Week        3          2022-03-28      29                                      2022-09-15 09:26:01.817
Week        3          2022-04-04      30                                      2022-09-15 09:26:01.817
Week        3          2022-04-11      31                                      2022-09-15 09:26:01.817
Week        3          2022-04-18      32                                      2022-09-15 09:26:01.817
Week        3          2022-04-25      33                                      2022-09-15 09:26:01.817
Week        3          2022-05-02      34                                      2022-09-15 09:26:01.817
Week        3          2022-05-09      35                                      2022-09-15 09:26:01.817
Week        3          2022-05-16      36                                      2022-09-15 09:26:01.817
Week        3          2022-05-23      37                                      2022-09-15 09:26:01.817
Week        3          2022-05-30      38                                      2022-09-15 09:26:01.817
Week        3          2022-06-06      39                                      2022-09-15 09:26:01.817
Week        3          2022-06-13      40                                      2022-09-15 09:26:01.817
Week        3          2022-06-20      41                                      2022-09-15 09:26:01.817
Week        3          2022-06-27      42                                      2022-09-15 09:26:01.817
Week        3          2022-07-04      43                                      2022-09-15 09:26:01.817
Week        3          2022-07-11      44                                      2022-09-15 09:26:01.817
Week        3          2022-07-18      45                                      2022-09-15 09:26:01.817
Week        3          2022-07-25      46                                      2022-09-15 09:26:01.817
Week        3          2022-08-01      47                                      2022-09-15 09:26:01.817
Week        3          2022-08-08      48                                      2022-09-15 09:26:01.817
Week        3          2022-08-15      49                                      2022-09-15 09:26:01.817
Week        3          2022-08-22      50                                      2022-09-15 09:26:01.817
Week        3          2022-08-29      51                                      2022-09-15 09:26:01.817
Week        3          2022-09-05      52                                      2022-09-15 09:26:01.817

(204 rows affected)


Completion time: 2022-09-23T10:40:47.5391564-05:00
